<?xml version="1.0" encoding="UTF-8"?>
<testsuite xmlns:xsi="http://www.w3.org/2001/XMLSchema-instance" xsi:noNamespaceSchemaLocation="https://maven.apache.org/surefire/maven-surefire-plugin/xsd/surefire-test-report.xsd" name="com.pynt.rest.AppTest" time="5.595" tests="7" errors="0" skipped="0" failures="0">
  <properties>
[...]
</properties>
  <testcase name="step1_testJamesCanLogin" classname="com.pynt.rest.AppTest" time="3.655"/>
  <testcase name="step2_testGetJamesAccount" classname="com.pynt.rest.AppTest" time="0.317"/>
  <testcase name="step3_testGetJamesTransactions" classname="com.pynt.rest.AppTest" time="0.306"/>
  <testcase name="step4_testGetMoreOfJamesTransactions" classname="com.pynt.rest.AppTest" time="0.368"/>
  <testcase name="step5_testLarsCanLogin" classname="com.pynt.rest.AppTest" time="0.387"/>
  <testcase name="step6_testGetLarsAccount" classname="com.pynt.rest.AppTest" time="0.265"/>
  <testcase name="step7_testGetLarsTransactions" classname="com.pynt.rest.AppTest" time="0.25"/>
</testsuite>